<?xml version="1.0" encoding="UTF-8"?>
<testng-results ignored="0" total="3" passed="3" failed="0" skipped="0">
  <reporter-output>
  </reporter-output>
  <suite started-at="2024-07-27T18:38:14 IST" name="Default suite" finished-at="2024-07-27T18:38:19 IST" duration-ms="5521">
    <groups>
    </groups>
    <test started-at="2024-07-27T18:38:14 IST" name="Default test" finished-at="2024-07-27T18:38:19 IST" duration-ms="5521">
      <class name="DynamicJson">
        <test-method signature="addBook(java.lang.String,java.lang.String)[pri:0, instance:DynamicJson@7fee8714]" started-at="2024-07-27T18:38:14 IST" name="addBook" data-provider="BooksData" finished-at="2024-07-27T18:38:19 IST" duration-ms="5086" status="PASS">
          <params>
            <param index="0">
              <value>
                <![CDATA[tejas]]>
              </value>
            </param>
            <param index="1">
              <value>
                <![CDATA[2801]]>
              </value>
            </param>
          </params>
          <reporter-output>
          </reporter-output>
        </test-method> <!-- addBook -->
        <test-method signature="addBook(java.lang.String,java.lang.String)[pri:0, instance:DynamicJson@7fee8714]" started-at="2024-07-27T18:38:19 IST" name="addBook" data-provider="BooksData" finished-at="2024-07-27T18:38:19 IST" duration-ms="153" status="PASS">
          <params>
            <param index="0">
              <value>
                <![CDATA[akash]]>
              </value>
            </param>
            <param index="1">
              <value>
                <![CDATA[2409]]>
              </value>
            </param>
          </params>
          <reporter-output>
          </reporter-output>
        </test-method> <!-- addBook -->
        <test-method signature="addBook(java.lang.String,java.lang.String)[pri:0, instance:DynamicJson@7fee8714]" started-at="2024-07-27T18:38:19 IST" name="addBook" data-provider="BooksData" finished-at="2024-07-27T18:38:19 IST" duration-ms="157" status="PASS">
          <params>
            <param index="0">
              <value>
                <![CDATA[akashShetty]]>
              </value>
            </param>
            <param index="1">
              <value>
                <![CDATA[1509]]>
              </value>
            </param>
          </params>
          <reporter-output>
          </reporter-output>
        </test-method> <!-- addBook -->
      </class> <!-- DynamicJson -->
    </test> <!-- Default test -->
  </suite> <!-- Default suite -->
</testng-results>
